ERROR StackTrace - Full Stack Trace:
java.lang.reflect.InvocationTargetException: null
	at sun.reflect.NativeMethodAccessorImpl.invoke0(Native Method)
	at sun.reflect.NativeMethodAccessorImpl.invoke(NativeMethodAccessorImpl.java:62)
	at sun.reflect.DelegatingMethodAccessorImpl.invoke(DelegatingMethodAccessorImpl.java:43)
	at java.lang.reflect.Method.invoke(Method.java:498)
	at org.springsource.loaded.ri.ReflectiveInterceptor.jlrMethodInvoke(ReflectiveInterceptor.java:1426)
	at org.grails.core.DefaultGrailsControllerClass$ReflectionInvoker.invoke(DefaultGrailsControllerClass.java:211)
	at org.grails.core.DefaultGrailsControllerClass.invoke(DefaultGrailsControllerClass.java:188)
	at org.grails.web.mapping.mvc.UrlMappingsInfoHandlerAdapter.handle(UrlMappingsInfoHandlerAdapter.groovy:90)
	at org.springframework.web.servlet.DispatcherServlet.doDispatch(DispatcherServlet.java:967)
	at org.springframework.web.servlet.DispatcherServlet.doService(DispatcherServlet.java:901)
	at org.springframework.web.servlet.FrameworkServlet.processRequest(FrameworkServlet.java:970)
	at org.springframework.web.servlet.FrameworkServlet.doPost(FrameworkServlet.java:872)
	at javax.servlet.http.HttpServlet.service(HttpServlet.java:661)
	at org.springframework.web.servlet.FrameworkServlet.service(FrameworkServlet.java:846)
	at javax.servlet.http.HttpServlet.service(HttpServlet.java:742)
	at org.apache.catalina.core.ApplicationFilterChain.internalDoFilter(ApplicationFilterChain.java:230)
	at org.apache.catalina.core.ApplicationFilterChain.doFilter(ApplicationFilterChain.java:165)
	at org.apache.tomcat.websocket.server.WsFilter.doFilter(WsFilter.java:52)
	at org.apache.catalina.core.ApplicationFilterChain.internalDoFilter(ApplicationFilterChain.java:192)
	at org.apache.catalina.core.ApplicationFilterChain.doFilter(ApplicationFilterChain.java:165)
	at org.springframework.boot.web.filter.ApplicationContextHeaderFilter.doFilterInternal(ApplicationContextHeaderFilter.java:55)
	at org.springframework.web.filter.OncePerRequestFilter.doFilter(OncePerRequestFilter.java:107)
	at org.apache.catalina.core.ApplicationFilterChain.internalDoFilter(ApplicationFilterChain.java:192)
	at org.apache.catalina.core.ApplicationFilterChain.doFilter(ApplicationFilterChain.java:165)
	at org.springframework.boot.actuate.trace.WebRequestTraceFilter.doFilterInternal(WebRequestTraceFilter.java:105)
	at org.springframework.web.filter.OncePerRequestFilter.doFilter(OncePerRequestFilter.java:107)
	at org.apache.catalina.core.ApplicationFilterChain.internalDoFilter(ApplicationFilterChain.java:192)
	at org.apache.catalina.core.ApplicationFilterChain.doFilter(ApplicationFilterChain.java:165)
	at org.grails.web.servlet.mvc.GrailsWebRequestFilter.doFilterInternal(GrailsWebRequestFilter.java:77)
	at org.springframework.web.filter.OncePerRequestFilter.doFilter(OncePerRequestFilter.java:107)
	at org.apache.catalina.core.ApplicationFilterChain.internalDoFilter(ApplicationFilterChain.java:192)
	at org.apache.catalina.core.ApplicationFilterChain.doFilter(ApplicationFilterChain.java:165)
	at org.grails.web.filters.HiddenHttpMethodFilter.doFilterInternal(HiddenHttpMethodFilter.java:67)
	at org.springframework.web.filter.OncePerRequestFilter.doFilter(OncePerRequestFilter.java:107)
	at org.apache.catalina.core.ApplicationFilterChain.internalDoFilter(ApplicationFilterChain.java:192)
	at org.apache.catalina.core.ApplicationFilterChain.doFilter(ApplicationFilterChain.java:165)
	at org.springframework.web.filter.CharacterEncodingFilter.doFilterInternal(CharacterEncodingFilter.java:197)
	at org.springframework.web.filter.OncePerRequestFilter.doFilter(OncePerRequestFilter.java:107)
	at org.apache.catalina.core.ApplicationFilterChain.internalDoFilter(ApplicationFilterChain.java:192)
	at org.apache.catalina.core.ApplicationFilterChain.doFilter(ApplicationFilterChain.java:165)
	at org.springframework.web.filter.CorsFilter.doFilterInternal(CorsFilter.java:96)
	at org.springframework.web.filter.OncePerRequestFilter.doFilter(OncePerRequestFilter.java:107)
	at org.apache.catalina.core.ApplicationFilterChain.internalDoFilter(ApplicationFilterChain.java:192)
	at org.apache.catalina.core.ApplicationFilterChain.doFilter(ApplicationFilterChain.java:165)
	at org.springframework.boot.actuate.autoconfigure.MetricsFilter.doFilterInternal(MetricsFilter.java:106)
	at org.springframework.web.filter.OncePerRequestFilter.doFilter(OncePerRequestFilter.java:107)
	at org.apache.catalina.core.ApplicationFilterChain.internalDoFilter(ApplicationFilterChain.java:192)
	at org.apache.catalina.core.ApplicationFilterChain.doFilter(ApplicationFilterChain.java:165)
	at org.apache.catalina.core.StandardWrapperValve.invoke(StandardWrapperValve.java:198)
	at org.apache.catalina.core.StandardContextValve.invoke(StandardContextValve.java:96)
	at org.apache.catalina.authenticator.AuthenticatorBase.invoke(AuthenticatorBase.java:478)
	at org.apache.catalina.core.StandardHostValve.invoke(StandardHostValve.java:140)
	at org.apache.catalina.valves.ErrorReportValve.invoke(ErrorReportValve.java:80)
	at org.apache.catalina.core.StandardEngineValve.invoke(StandardEngineValve.java:87)
	at org.apache.catalina.connector.CoyoteAdapter.service(CoyoteAdapter.java:341)
	at org.apache.coyote.http11.Http11Processor.service(Http11Processor.java:799)
	at org.apache.coyote.AbstractProcessorLight.process(AbstractProcessorLight.java:66)
	at org.apache.coyote.AbstractProtocol$ConnectionHandler.process(AbstractProtocol.java:861)
	at org.apache.tomcat.util.net.NioEndpoint$SocketProcessor.doRun(NioEndpoint.java:1455)
	at org.apache.tomcat.util.net.SocketProcessorBase.run(SocketProcessorBase.java:49)
	at java.util.concurrent.ThreadPoolExecutor.runWorker(ThreadPoolExecutor.java:1149)
	at java.util.concurrent.ThreadPoolExecutor$Worker.run(ThreadPoolExecutor.java:624)
	at org.apache.tomcat.util.threads.TaskThread$WrappingRunnable.run(TaskThread.java:61)
	at java.lang.Thread.run(Thread.java:748)
Caused by: grails.validation.ValidationException: Validation Error(s) occurred during save():
- Field error in object 'newlinksharingapp.Users' on field 'email': rejected value [null]; codes [newlinksharingapp.Users.email.nullable.error.newlinksharingapp.Users.email,newlinksharingapp.Users.email.nullable.error.email,newlinksharingapp.Users.email.nullable.error.java.lang.String,newlinksharingapp.Users.email.nullable.error,users.email.nullable.error.newlinksharingapp.Users.email,users.email.nullable.error.email,users.email.nullable.error.java.lang.String,users.email.nullable.error,newlinksharingapp.Users.email.nullable.newlinksharingapp.Users.email,newlinksharingapp.Users.email.nullable.email,newlinksharingapp.Users.email.nullable.java.lang.String,newlinksharingapp.Users.email.nullable,users.email.nullable.newlinksharingapp.Users.email,users.email.nullable.email,users.email.nullable.java.lang.String,users.email.nullable,nullable.newlinksharingapp.Users.email,nullable.email,nullable.java.lang.String,nullable]; arguments [email,class newlinksharingapp.Users]; default message [Property [{0}] of class [{1}] cannot be null]
- Field error in object 'newlinksharingapp.Users' on field 'username': rejected value [null]; codes [newlinksharingapp.Users.username.nullable.error.newlinksharingapp.Users.username,newlinksharingapp.Users.username.nullable.error.username,newlinksharingapp.Users.username.nullable.error.java.lang.String,newlinksharingapp.Users.username.nullable.error,users.username.nullable.error.newlinksharingapp.Users.username,users.username.nullable.error.username,users.username.nullable.error.java.lang.String,users.username.nullable.error,newlinksharingapp.Users.username.nullable.newlinksharingapp.Users.username,newlinksharingapp.Users.username.nullable.username,newlinksharingapp.Users.username.nullable.java.lang.String,newlinksharingapp.Users.username.nullable,users.username.nullable.newlinksharingapp.Users.username,users.username.nullable.username,users.username.nullable.java.lang.String,users.username.nullable,nullable.newlinksharingapp.Users.username,nullable.username,nullable.java.lang.String,nullable]; arguments [username,class newlinksharingapp.Users]; default message [Property [{0}] of class [{1}] cannot be null]
- Field error in object 'newlinksharingapp.Users' on field 'password': rejected value [null]; codes [newlinksharingapp.Users.password.nullable.error.newlinksharingapp.Users.password,newlinksharingapp.Users.password.nullable.error.password,newlinksharingapp.Users.password.nullable.error.java.lang.String,newlinksharingapp.Users.password.nullable.error,users.password.nullable.error.newlinksharingapp.Users.password,users.password.nullable.error.password,users.password.nullable.error.java.lang.String,users.password.nullable.error,newlinksharingapp.Users.password.nullable.newlinksharingapp.Users.password,newlinksharingapp.Users.password.nullable.password,newlinksharingapp.Users.password.nullable.java.lang.String,newlinksharingapp.Users.password.nullable,users.password.nullable.newlinksharingapp.Users.password,users.password.nullable.password,users.password.nullable.java.lang.String,users.password.nullable,nullable.newlinksharingapp.Users.password,nullable.password,nullable.java.lang.String,nullable]; arguments [password,class newlinksharingapp.Users]; default message [Property [{0}] of class [{1}] cannot be null]
- Field error in object 'newlinksharingapp.Users' on field 'lastName': rejected value [null]; codes [newlinksharingapp.Users.lastName.nullable.error.newlinksharingapp.Users.lastName,newlinksharingapp.Users.lastName.nullable.error.lastName,newlinksharingapp.Users.lastName.nullable.error.java.lang.String,newlinksharingapp.Users.lastName.nullable.error,users.lastName.nullable.error.newlinksharingapp.Users.lastName,users.lastName.nullable.error.lastName,users.lastName.nullable.error.java.lang.String,users.lastName.nullable.error,newlinksharingapp.Users.lastName.nullable.newlinksharingapp.Users.lastName,newlinksharingapp.Users.lastName.nullable.lastName,newlinksharingapp.Users.lastName.nullable.java.lang.String,newlinksharingapp.Users.lastName.nullable,users.lastName.nullable.newlinksharingapp.Users.lastName,users.lastName.nullable.lastName,users.lastName.nullable.java.lang.String,users.lastName.nullable,nullable.newlinksharingapp.Users.lastName,nullable.lastName,nullable.java.lang.String,nullable]; arguments [lastName,class newlinksharingapp.Users]; default message [Property [{0}] of class [{1}] cannot be null]

	at sun.reflect.NativeConstructorAccessorImpl.newInstance0(Native Method)
	at sun.reflect.NativeConstructorAccessorImpl.newInstance(NativeConstructorAccessorImpl.java:62)
	at sun.reflect.DelegatingConstructorAccessorImpl.newInstance(DelegatingConstructorAccessorImpl.java:45)
	at java.lang.reflect.Constructor.newInstance(Constructor.java:423)
	at org.springsource.loaded.ri.ReflectiveInterceptor.jlrConstructorNewInstance(ReflectiveInterceptor.java:1075)
	at org.codehaus.groovy.reflection.CachedConstructor.invoke(CachedConstructor.java:83)
	at org.codehaus.groovy.reflection.CachedConstructor.doConstructorInvoke(CachedConstructor.java:77)
	at groovy.lang.MetaClassImpl.invokeConstructor(MetaClassImpl.java:1715)
	at groovy.lang.MetaClassImpl.invokeConstructor(MetaClassImpl.java:1532)
	at org.codehaus.groovy.runtime.InvokerHelper.invokeConstructorOf(InvokerHelper.java:956)
	at org.codehaus.groovy.runtime.DefaultGroovyMethods.newInstance(DefaultGroovyMethods.java:15694)
	at org.grails.orm.hibernate.AbstractHibernateGormInstanceApi.save(AbstractHibernateGormInstanceApi.groovy:131)
	at org.grails.datastore.gorm.GormEntity$Trait$Helper.save(GormEntity.groovy:150)
	at org.grails.datastore.gorm.GormEntity$Trait$Helper$save.call(Unknown Source)
	at org.codehaus.groovy.runtime.callsite.CallSiteArray.defaultCall(CallSiteArray.java:48)
	at org.codehaus.groovy.runtime.callsite.AbstractCallSite.call(AbstractCallSite.java:113)
	at org.codehaus.groovy.runtime.callsite.AbstractCallSite.call(AbstractCallSite.java:133)
	at newlinksharingapp.Users.save(Users.groovy)
	at newlinksharingapp.Users.save(Users.groovy)
	at org.grails.datastore.gorm.GormEntity$save.call(Unknown Source)
	at org.codehaus.groovy.runtime.callsite.CallSiteArray.defaultCall(CallSiteArray.java:48)
	at org.codehaus.groovy.runtime.callsite.AbstractCallSite.call(AbstractCallSite.java:113)
	at org.codehaus.groovy.runtime.callsite.AbstractCallSite.call(AbstractCallSite.java:125)
	at newlinksharingapp.SignupService.$tt__signupMethod(SignupService.groovy:21)
	at newlinksharingapp.SignupService$_signupMethod_closure1.doCall(SignupService.groovy)
	at sun.reflect.NativeMethodAccessorImpl.invoke0(Native Method)
	at sun.reflect.NativeMethodAccessorImpl.invoke(NativeMethodAccessorImpl.java:62)
	at sun.reflect.DelegatingMethodAccessorImpl.invoke(DelegatingMethodAccessorImpl.java:43)
	at java.lang.reflect.Method.invoke(Method.java:498)
	at org.springsource.loaded.ri.ReflectiveInterceptor.jlrMethodInvoke(ReflectiveInterceptor.java:1426)
	at org.codehaus.groovy.reflection.CachedMethod.invoke(CachedMethod.java:93)
	at groovy.lang.MetaMethod.doMethodInvoke(MetaMethod.java:325)
	at org.codehaus.groovy.runtime.metaclass.ClosureMetaClass.invokeMethod(ClosureMetaClass.java:294)
	at groovy.lang.MetaClassImpl.invokeMethod(MetaClassImpl.java:1022)
	at groovy.lang.Closure.call(Closure.java:414)
	at newlinksharingapp.SignupService$_signupMethod_closure1.call(SignupService.groovy)
	at groovy.lang.Closure.call(Closure.java:430)
	at newlinksharingapp.SignupService$_signupMethod_closure1.call(SignupService.groovy)
	at grails.transaction.GrailsTransactionTemplate$2.doInTransaction(GrailsTransactionTemplate.groovy:96)
	at org.springframework.transaction.support.TransactionTemplate.execute(TransactionTemplate.java:133)
	at grails.transaction.GrailsTransactionTemplate.execute(GrailsTransactionTemplate.groovy:93)
	at newlinksharingapp.SignupService.signupMethod(SignupService.groovy)
	at newlinksharingapp.SignupService$signupMethod.call(Unknown Source)
	at org.codehaus.groovy.runtime.callsite.CallSiteArray.defaultCall(CallSiteArray.java:48)
	at org.codehaus.groovy.runtime.callsite.AbstractCallSite.call(AbstractCallSite.java:113)
	at org.codehaus.groovy.runtime.callsite.AbstractCallSite.call(AbstractCallSite.java:125)
	at newlinksharingapp.UsersController.signup(UsersController.groovy:9)
	... 64 common frames omitted
ERROR StackTrace - Full Stack Trace:
grails.validation.ValidationException: Validation Error(s) occurred during save():
- Field error in object 'newlinksharingapp.Users' on field 'email': rejected value [null]; codes [newlinksharingapp.Users.email.nullable.error.newlinksharingapp.Users.email,newlinksharingapp.Users.email.nullable.error.email,newlinksharingapp.Users.email.nullable.error.java.lang.String,newlinksharingapp.Users.email.nullable.error,users.email.nullable.error.newlinksharingapp.Users.email,users.email.nullable.error.email,users.email.nullable.error.java.lang.String,users.email.nullable.error,newlinksharingapp.Users.email.nullable.newlinksharingapp.Users.email,newlinksharingapp.Users.email.nullable.email,newlinksharingapp.Users.email.nullable.java.lang.String,newlinksharingapp.Users.email.nullable,users.email.nullable.newlinksharingapp.Users.email,users.email.nullable.email,users.email.nullable.java.lang.String,users.email.nullable,nullable.newlinksharingapp.Users.email,nullable.email,nullable.java.lang.String,nullable]; arguments [email,class newlinksharingapp.Users]; default message [Property [{0}] of class [{1}] cannot be null]
- Field error in object 'newlinksharingapp.Users' on field 'username': rejected value [null]; codes [newlinksharingapp.Users.username.nullable.error.newlinksharingapp.Users.username,newlinksharingapp.Users.username.nullable.error.username,newlinksharingapp.Users.username.nullable.error.java.lang.String,newlinksharingapp.Users.username.nullable.error,users.username.nullable.error.newlinksharingapp.Users.username,users.username.nullable.error.username,users.username.nullable.error.java.lang.String,users.username.nullable.error,newlinksharingapp.Users.username.nullable.newlinksharingapp.Users.username,newlinksharingapp.Users.username.nullable.username,newlinksharingapp.Users.username.nullable.java.lang.String,newlinksharingapp.Users.username.nullable,users.username.nullable.newlinksharingapp.Users.username,users.username.nullable.username,users.username.nullable.java.lang.String,users.username.nullable,nullable.newlinksharingapp.Users.username,nullable.username,nullable.java.lang.String,nullable]; arguments [username,class newlinksharingapp.Users]; default message [Property [{0}] of class [{1}] cannot be null]
- Field error in object 'newlinksharingapp.Users' on field 'password': rejected value [null]; codes [newlinksharingapp.Users.password.nullable.error.newlinksharingapp.Users.password,newlinksharingapp.Users.password.nullable.error.password,newlinksharingapp.Users.password.nullable.error.java.lang.String,newlinksharingapp.Users.password.nullable.error,users.password.nullable.error.newlinksharingapp.Users.password,users.password.nullable.error.password,users.password.nullable.error.java.lang.String,users.password.nullable.error,newlinksharingapp.Users.password.nullable.newlinksharingapp.Users.password,newlinksharingapp.Users.password.nullable.password,newlinksharingapp.Users.password.nullable.java.lang.String,newlinksharingapp.Users.password.nullable,users.password.nullable.newlinksharingapp.Users.password,users.password.nullable.password,users.password.nullable.java.lang.String,users.password.nullable,nullable.newlinksharingapp.Users.password,nullable.password,nullable.java.lang.String,nullable]; arguments [password,class newlinksharingapp.Users]; default message [Property [{0}] of class [{1}] cannot be null]
- Field error in object 'newlinksharingapp.Users' on field 'lastName': rejected value [null]; codes [newlinksharingapp.Users.lastName.nullable.error.newlinksharingapp.Users.lastName,newlinksharingapp.Users.lastName.nullable.error.lastName,newlinksharingapp.Users.lastName.nullable.error.java.lang.String,newlinksharingapp.Users.lastName.nullable.error,users.lastName.nullable.error.newlinksharingapp.Users.lastName,users.lastName.nullable.error.lastName,users.lastName.nullable.error.java.lang.String,users.lastName.nullable.error,newlinksharingapp.Users.lastName.nullable.newlinksharingapp.Users.lastName,newlinksharingapp.Users.lastName.nullable.lastName,newlinksharingapp.Users.lastName.nullable.java.lang.String,newlinksharingapp.Users.lastName.nullable,users.lastName.nullable.newlinksharingapp.Users.lastName,users.lastName.nullable.lastName,users.lastName.nullable.java.lang.String,users.lastName.nullable,nullable.newlinksharingapp.Users.lastName,nullable.lastName,nullable.java.lang.String,nullable]; arguments [lastName,class newlinksharingapp.Users]; default message [Property [{0}] of class [{1}] cannot be null]

	at sun.reflect.NativeConstructorAccessorImpl.newInstance0(Native Method)
	at sun.reflect.NativeConstructorAccessorImpl.newInstance(NativeConstructorAccessorImpl.java:62)
	at sun.reflect.DelegatingConstructorAccessorImpl.newInstance(DelegatingConstructorAccessorImpl.java:45)
	at java.lang.reflect.Constructor.newInstance(Constructor.java:423)
	at org.springsource.loaded.ri.ReflectiveInterceptor.jlrConstructorNewInstance(ReflectiveInterceptor.java:1075)
	at org.codehaus.groovy.reflection.CachedConstructor.invoke(CachedConstructor.java:83)
	at org.codehaus.groovy.reflection.CachedConstructor.doConstructorInvoke(CachedConstructor.java:77)
	at groovy.lang.MetaClassImpl.invokeConstructor(MetaClassImpl.java:1715)
	at groovy.lang.MetaClassImpl.invokeConstructor(MetaClassImpl.java:1532)
	at org.codehaus.groovy.runtime.InvokerHelper.invokeConstructorOf(InvokerHelper.java:956)
	at org.codehaus.groovy.runtime.DefaultGroovyMethods.newInstance(DefaultGroovyMethods.java:15694)
	at org.grails.orm.hibernate.AbstractHibernateGormInstanceApi.save(AbstractHibernateGormInstanceApi.groovy:131)
	at org.grails.datastore.gorm.GormEntity$Trait$Helper.save(GormEntity.groovy:150)
	at org.grails.datastore.gorm.GormEntity$Trait$Helper$save.call(Unknown Source)
	at org.codehaus.groovy.runtime.callsite.CallSiteArray.defaultCall(CallSiteArray.java:48)
	at org.codehaus.groovy.runtime.callsite.AbstractCallSite.call(AbstractCallSite.java:113)
	at org.codehaus.groovy.runtime.callsite.AbstractCallSite.call(AbstractCallSite.java:133)
	at newlinksharingapp.Users.save(Users.groovy)
	at newlinksharingapp.Users.save(Users.groovy)
	at org.grails.datastore.gorm.GormEntity$save.call(Unknown Source)
	at org.codehaus.groovy.runtime.callsite.CallSiteArray.defaultCall(CallSiteArray.java:48)
	at org.codehaus.groovy.runtime.callsite.AbstractCallSite.call(AbstractCallSite.java:113)
	at org.codehaus.groovy.runtime.callsite.AbstractCallSite.call(AbstractCallSite.java:125)
	at newlinksharingapp.SignupService.$tt__signupMethod(SignupService.groovy:21)
	at newlinksharingapp.SignupService$_signupMethod_closure1.doCall(SignupService.groovy)
	at sun.reflect.NativeMethodAccessorImpl.invoke0(Native Method)
	at sun.reflect.NativeMethodAccessorImpl.invoke(NativeMethodAccessorImpl.java:62)
	at sun.reflect.DelegatingMethodAccessorImpl.invoke(DelegatingMethodAccessorImpl.java:43)
	at java.lang.reflect.Method.invoke(Method.java:498)
	at org.springsource.loaded.ri.ReflectiveInterceptor.jlrMethodInvoke(ReflectiveInterceptor.java:1426)
	at org.codehaus.groovy.reflection.CachedMethod.invoke(CachedMethod.java:93)
	at groovy.lang.MetaMethod.doMethodInvoke(MetaMethod.java:325)
	at org.codehaus.groovy.runtime.metaclass.ClosureMetaClass.invokeMethod(ClosureMetaClass.java:294)
	at groovy.lang.MetaClassImpl.invokeMethod(MetaClassImpl.java:1022)
	at groovy.lang.Closure.call(Closure.java:414)
	at newlinksharingapp.SignupService$_signupMethod_closure1.call(SignupService.groovy)
	at groovy.lang.Closure.call(Closure.java:430)
	at newlinksharingapp.SignupService$_signupMethod_closure1.call(SignupService.groovy)
	at grails.transaction.GrailsTransactionTemplate$2.doInTransaction(GrailsTransactionTemplate.groovy:96)
	at org.springframework.transaction.support.TransactionTemplate.execute(TransactionTemplate.java:133)
	at grails.transaction.GrailsTransactionTemplate.execute(GrailsTransactionTemplate.groovy:93)
	at newlinksharingapp.SignupService.signupMethod(SignupService.groovy)
	at newlinksharingapp.SignupService$signupMethod.call(Unknown Source)
	at org.codehaus.groovy.runtime.callsite.CallSiteArray.defaultCall(CallSiteArray.java:48)
	at org.codehaus.groovy.runtime.callsite.AbstractCallSite.call(AbstractCallSite.java:113)
	at org.codehaus.groovy.runtime.callsite.AbstractCallSite.call(AbstractCallSite.java:125)
	at newlinksharingapp.UsersController.signup(UsersController.groovy:9)
	at sun.reflect.NativeMethodAccessorImpl.invoke0(Native Method)
	at sun.reflect.NativeMethodAccessorImpl.invoke(NativeMethodAccessorImpl.java:62)
	at sun.reflect.DelegatingMethodAccessorImpl.invoke(DelegatingMethodAccessorImpl.java:43)
	at java.lang.reflect.Method.invoke(Method.java:498)
	at org.springsource.loaded.ri.ReflectiveInterceptor.jlrMethodInvoke(ReflectiveInterceptor.java:1426)
	at org.grails.core.DefaultGrailsControllerClass$ReflectionInvoker.invoke(DefaultGrailsControllerClass.java:211)
	at org.grails.core.DefaultGrailsControllerClass.invoke(DefaultGrailsControllerClass.java:188)
	at org.grails.web.mapping.mvc.UrlMappingsInfoHandlerAdapter.handle(UrlMappingsInfoHandlerAdapter.groovy:90)
	at org.springframework.web.servlet.DispatcherServlet.doDispatch(DispatcherServlet.java:967)
	at org.springframework.web.servlet.DispatcherServlet.doService(DispatcherServlet.java:901)
	at org.springframework.web.servlet.FrameworkServlet.processRequest(FrameworkServlet.java:970)
	at org.springframework.web.servlet.FrameworkServlet.doPost(FrameworkServlet.java:872)
	at javax.servlet.http.HttpServlet.service(HttpServlet.java:661)
	at org.springframework.web.servlet.FrameworkServlet.service(FrameworkServlet.java:846)
	at javax.servlet.http.HttpServlet.service(HttpServlet.java:742)
	at org.apache.catalina.core.ApplicationFilterChain.internalDoFilter(ApplicationFilterChain.java:230)
	at org.apache.catalina.core.ApplicationFilterChain.doFilter(ApplicationFilterChain.java:165)
	at org.apache.tomcat.websocket.server.WsFilter.doFilter(WsFilter.java:52)
	at org.apache.catalina.core.ApplicationFilterChain.internalDoFilter(ApplicationFilterChain.java:192)
	at org.apache.catalina.core.ApplicationFilterChain.doFilter(ApplicationFilterChain.java:165)
	at org.springframework.boot.web.filter.ApplicationContextHeaderFilter.doFilterInternal(ApplicationContextHeaderFilter.java:55)
	at org.springframework.web.filter.OncePerRequestFilter.doFilter(OncePerRequestFilter.java:107)
	at org.apache.catalina.core.ApplicationFilterChain.internalDoFilter(ApplicationFilterChain.java:192)
	at org.apache.catalina.core.ApplicationFilterChain.doFilter(ApplicationFilterChain.java:165)
	at org.springframework.boot.actuate.trace.WebRequestTraceFilter.doFilterInternal(WebRequestTraceFilter.java:105)
	at org.springframework.web.filter.OncePerRequestFilter.doFilter(OncePerRequestFilter.java:107)
	at org.apache.catalina.core.ApplicationFilterChain.internalDoFilter(ApplicationFilterChain.java:192)
	at org.apache.catalina.core.ApplicationFilterChain.doFilter(ApplicationFilterChain.java:165)
	at org.grails.web.servlet.mvc.GrailsWebRequestFilter.doFilterInternal(GrailsWebRequestFilter.java:77)
	at org.springframework.web.filter.OncePerRequestFilter.doFilter(OncePerRequestFilter.java:107)
	at org.apache.catalina.core.ApplicationFilterChain.internalDoFilter(ApplicationFilterChain.java:192)
	at org.apache.catalina.core.ApplicationFilterChain.doFilter(ApplicationFilterChain.java:165)
	at org.grails.web.filters.HiddenHttpMethodFilter.doFilterInternal(HiddenHttpMethodFilter.java:67)
	at org.springframework.web.filter.OncePerRequestFilter.doFilter(OncePerRequestFilter.java:107)
	at org.apache.catalina.core.ApplicationFilterChain.internalDoFilter(ApplicationFilterChain.java:192)
	at org.apache.catalina.core.ApplicationFilterChain.doFilter(ApplicationFilterChain.java:165)
	at org.springframework.web.filter.CharacterEncodingFilter.doFilterInternal(CharacterEncodingFilter.java:197)
	at org.springframework.web.filter.OncePerRequestFilter.doFilter(OncePerRequestFilter.java:107)
	at org.apache.catalina.core.ApplicationFilterChain.internalDoFilter(ApplicationFilterChain.java:192)
	at org.apache.catalina.core.ApplicationFilterChain.doFilter(ApplicationFilterChain.java:165)
	at org.springframework.web.filter.CorsFilter.doFilterInternal(CorsFilter.java:96)
	at org.springframework.web.filter.OncePerRequestFilter.doFilter(OncePerRequestFilter.java:107)
	at org.apache.catalina.core.ApplicationFilterChain.internalDoFilter(ApplicationFilterChain.java:192)
	at org.apache.catalina.core.ApplicationFilterChain.doFilter(ApplicationFilterChain.java:165)
	at org.springframework.boot.actuate.autoconfigure.MetricsFilter.doFilterInternal(MetricsFilter.java:106)
	at org.springframework.web.filter.OncePerRequestFilter.doFilter(OncePerRequestFilter.java:107)
	at org.apache.catalina.core.ApplicationFilterChain.internalDoFilter(ApplicationFilterChain.java:192)
	at org.apache.catalina.core.ApplicationFilterChain.doFilter(ApplicationFilterChain.java:165)
	at org.apache.catalina.core.StandardWrapperValve.invoke(StandardWrapperValve.java:198)
	at org.apache.catalina.core.StandardContextValve.invoke(StandardContextValve.java:96)
	at org.apache.catalina.authenticator.AuthenticatorBase.invoke(AuthenticatorBase.java:478)
	at org.apache.catalina.core.StandardHostValve.invoke(StandardHostValve.java:140)
	at org.apache.catalina.valves.ErrorReportValve.invoke(ErrorReportValve.java:80)
	at org.apache.catalina.core.StandardEngineValve.invoke(StandardEngineValve.java:87)
	at org.apache.catalina.connector.CoyoteAdapter.service(CoyoteAdapter.java:341)
	at org.apache.coyote.http11.Http11Processor.service(Http11Processor.java:799)
	at org.apache.coyote.AbstractProcessorLight.process(AbstractProcessorLight.java:66)
	at org.apache.coyote.AbstractProtocol$ConnectionHandler.process(AbstractProtocol.java:861)
	at org.apache.tomcat.util.net.NioEndpoint$SocketProcessor.doRun(NioEndpoint.java:1455)
	at org.apache.tomcat.util.net.SocketProcessorBase.run(SocketProcessorBase.java:49)
	at java.util.concurrent.ThreadPoolExecutor.runWorker(ThreadPoolExecutor.java:1149)
	at java.util.concurrent.ThreadPoolExecutor$Worker.run(ThreadPoolExecutor.java:624)
	at org.apache.tomcat.util.threads.TaskThread$WrappingRunnable.run(TaskThread.java:61)
	at java.lang.Thread.run(Thread.java:748)
ERROR StackTrace - Full Stack Trace:
java.lang.reflect.InvocationTargetException: null
	at org.grails.core.DefaultGrailsControllerClass$ReflectionInvoker.invoke(DefaultGrailsControllerClass.java:211)
	at org.grails.core.DefaultGrailsControllerClass.invoke(DefaultGrailsControllerClass.java:188)
	at org.grails.web.mapping.mvc.UrlMappingsInfoHandlerAdapter.handle(UrlMappingsInfoHandlerAdapter.groovy:90)
	at org.springframework.web.servlet.DispatcherServlet.doDispatch(DispatcherServlet.java:967)
	at org.springframework.web.servlet.DispatcherServlet.doService(DispatcherServlet.java:901)
	at org.springframework.web.servlet.FrameworkServlet.processRequest(FrameworkServlet.java:970)
	at org.springframework.web.servlet.FrameworkServlet.doPost(FrameworkServlet.java:872)
	at org.springframework.web.servlet.FrameworkServlet.service(FrameworkServlet.java:846)
	at org.springframework.boot.web.filter.ApplicationContextHeaderFilter.doFilterInternal(ApplicationContextHeaderFilter.java:55)
	at org.grails.web.servlet.mvc.GrailsWebRequestFilter.doFilterInternal(GrailsWebRequestFilter.java:77)
	at org.grails.web.filters.HiddenHttpMethodFilter.doFilterInternal(HiddenHttpMethodFilter.java:67)
	at java.util.concurrent.ThreadPoolExecutor.runWorker(ThreadPoolExecutor.java:1149)
	at java.util.concurrent.ThreadPoolExecutor$Worker.run(ThreadPoolExecutor.java:624)
	at java.lang.Thread.run(Thread.java:748)
Caused by: grails.validation.ValidationException: Validation Error(s) occurred during save():
- Field error in object 'newlinksharingapp.Users' on field 'email': rejected value [null]; codes [newlinksharingapp.Users.email.nullable.error.newlinksharingapp.Users.email,newlinksharingapp.Users.email.nullable.error.email,newlinksharingapp.Users.email.nullable.error.java.lang.String,newlinksharingapp.Users.email.nullable.error,users.email.nullable.error.newlinksharingapp.Users.email,users.email.nullable.error.email,users.email.nullable.error.java.lang.String,users.email.nullable.error,newlinksharingapp.Users.email.nullable.newlinksharingapp.Users.email,newlinksharingapp.Users.email.nullable.email,newlinksharingapp.Users.email.nullable.java.lang.String,newlinksharingapp.Users.email.nullable,users.email.nullable.newlinksharingapp.Users.email,users.email.nullable.email,users.email.nullable.java.lang.String,users.email.nullable,nullable.newlinksharingapp.Users.email,nullable.email,nullable.java.lang.String,nullable]; arguments [email,class newlinksharingapp.Users]; default message [Property [{0}] of class [{1}] cannot be null]
- Field error in object 'newlinksharingapp.Users' on field 'username': rejected value [null]; codes [newlinksharingapp.Users.username.nullable.error.newlinksharingapp.Users.username,newlinksharingapp.Users.username.nullable.error.username,newlinksharingapp.Users.username.nullable.error.java.lang.String,newlinksharingapp.Users.username.nullable.error,users.username.nullable.error.newlinksharingapp.Users.username,users.username.nullable.error.username,users.username.nullable.error.java.lang.String,users.username.nullable.error,newlinksharingapp.Users.username.nullable.newlinksharingapp.Users.username,newlinksharingapp.Users.username.nullable.username,newlinksharingapp.Users.username.nullable.java.lang.String,newlinksharingapp.Users.username.nullable,users.username.nullable.newlinksharingapp.Users.username,users.username.nullable.username,users.username.nullable.java.lang.String,users.username.nullable,nullable.newlinksharingapp.Users.username,nullable.username,nullable.java.lang.String,nullable]; arguments [username,class newlinksharingapp.Users]; default message [Property [{0}] of class [{1}] cannot be null]
- Field error in object 'newlinksharingapp.Users' on field 'password': rejected value [null]; codes [newlinksharingapp.Users.password.nullable.error.newlinksharingapp.Users.password,newlinksharingapp.Users.password.nullable.error.password,newlinksharingapp.Users.password.nullable.error.java.lang.String,newlinksharingapp.Users.password.nullable.error,users.password.nullable.error.newlinksharingapp.Users.password,users.password.nullable.error.password,users.password.nullable.error.java.lang.String,users.password.nullable.error,newlinksharingapp.Users.password.nullable.newlinksharingapp.Users.password,newlinksharingapp.Users.password.nullable.password,newlinksharingapp.Users.password.nullable.java.lang.String,newlinksharingapp.Users.password.nullable,users.password.nullable.newlinksharingapp.Users.password,users.password.nullable.password,users.password.nullable.java.lang.String,users.password.nullable,nullable.newlinksharingapp.Users.password,nullable.password,nullable.java.lang.String,nullable]; arguments [password,class newlinksharingapp.Users]; default message [Property [{0}] of class [{1}] cannot be null]
- Field error in object 'newlinksharingapp.Users' on field 'lastName': rejected value [null]; codes [newlinksharingapp.Users.lastName.nullable.error.newlinksharingapp.Users.lastName,newlinksharingapp.Users.lastName.nullable.error.lastName,newlinksharingapp.Users.lastName.nullable.error.java.lang.String,newlinksharingapp.Users.lastName.nullable.error,users.lastName.nullable.error.newlinksharingapp.Users.lastName,users.lastName.nullable.error.lastName,users.lastName.nullable.error.java.lang.String,users.lastName.nullable.error,newlinksharingapp.Users.lastName.nullable.newlinksharingapp.Users.lastName,newlinksharingapp.Users.lastName.nullable.lastName,newlinksharingapp.Users.lastName.nullable.java.lang.String,newlinksharingapp.Users.lastName.nullable,users.lastName.nullable.newlinksharingapp.Users.lastName,users.lastName.nullable.lastName,users.lastName.nullable.java.lang.String,users.lastName.nullable,nullable.newlinksharingapp.Users.lastName,nullable.lastName,nullable.java.lang.String,nullable]; arguments [lastName,class newlinksharingapp.Users]; default message [Property [{0}] of class [{1}] cannot be null]

	at org.grails.orm.hibernate.AbstractHibernateGormInstanceApi.save(AbstractHibernateGormInstanceApi.groovy:131)
	at org.grails.datastore.gorm.GormEntity$Trait$Helper.save(GormEntity.groovy:150)
	at newlinksharingapp.SignupService.$tt__signupMethod(SignupService.groovy:21)
	at grails.transaction.GrailsTransactionTemplate$2.doInTransaction(GrailsTransactionTemplate.groovy:96)
	at org.springframework.transaction.support.TransactionTemplate.execute(TransactionTemplate.java:133)
	at grails.transaction.GrailsTransactionTemplate.execute(GrailsTransactionTemplate.groovy:93)
	at newlinksharingapp.UsersController.signup(UsersController.groovy:9)
	... 14 common frames omitted
